Found 2896 takes to process.
Processing data...
Start time: 2019-01-15 19:22:19.737555
Processing take 0
Processing take 1
Processing take 2
Processing take 3
Processing take 4
Processing take 5
Processing take 6
Processing take 7
Processing take 8
Processing take 9
Processing take 10
Processing take 11
Processing take 12
Processing take 13
Processing take 14
Processing take 15
Processing take 16
Processing take 17
Processing take 18
Processing take 19
Processing take 20
Processing take 21
Processing take 22
Processing take 23
Processing take 24
Processing take 25
Processing take 26
Processing take 27
Processing take 28
Processing take 29
Processing take 30
Processing take 31
Processing take 32
Processing take 33
Processing take 34
Processing take 35
Processing take 36
Processing take 37
Processing take 38
Processing take 39
Processing take 40
Processing take 41
Processing take 42
Processing take 43
Processing take 44
Processing take 45
Processing take 46
Processing take 47
Processing take 48
Processing take 49
Processing take 50
Processing take 51
Processing take 52
Processing take 53
Processing take 54
Processing take 55
Processing take 56
Processing take 57
Processing take 58
Processing take 59
Processing take 60
Processing take 61
Processing take 62
Processing take 63
Processing take 64
Processing take 65
Processing take 66
Processing take 67
Processing take 68
Processing take 69
Processing take 70
Processing take 71
Processing take 72
Processing take 73
Processing take 74
Processing take 75
Processing take 76
Processing take 77
Processing take 78
Processing take 79
Processing take 80
Processing take 81
Processing take 82
Processing take 83
Processing take 84
Processing take 85
Processing take 86
Processing take 87
Processing take 88
Processing take 89
Processing take 90
Processing take 91
Processing take 92
Processing take 93
Processing take 94
Processing take 95
Processing take 96
Processing take 97
Processing take 98
Processing take 99
Processing take 100
Processing take 101
Processing take 102
Processing take 103
Processing take 104
Processing take 105
Processing take 106
Processing take 107
Processing take 108
Processing take 109
Processing take 110
Processing take 111
Processing take 112
Processing take 113
Processing take 114
Processing take 115
Processing take 116
Processing take 117
Processing take 118
Processing take 119
Processing take 120
Processing take 121
Processing take 122
Processing take 123
Processing take 124
Processing take 125
Processing take 126
Processing take 127
Processing take 128
Processing take 129
Processing take 130
Processing take 131
Processing take 132
Processing take 133
Processing take 134
Processing take 135
Processing take 136
Processing take 137
Processing take 138
Processing take 139
Processing take 140
Processing take 141
Processing take 142
Processing take 143
Processing take 144
Processing take 145
Processing take 146
Processing take 147
Processing take 148
Processing take 149
Processing take 150
Processing take 151
Processing take 152
Processing take 153
Processing take 154
Processing take 155
Processing take 156
Processing take 157
Processing take 158
Processing take 159
Processing take 160
Processing take 161
Processing take 162
Processing take 163
Processing take 164
Processing take 165
Processing take 166
Processing take 167
Processing take 168
Processing take 169
Processing take 170
Processing take 171
Processing take 172
Processing take 173
Processing take 174
Processing take 175
Processing take 176
Processing take 177
Processing take 178
Processing take 179
Processing take 180
Processing take 181
Processing take 182
Processing take 183
Processing take 184
Processing take 185
Processing take 186
Processing take 187
Processing take 188
Processing take 189
Processing take 190
Processing take 191
Processing take 192
Processing take 193
Processing take 194
Processing take 195
Processing take 196
Processing take 197
Processing take 198
Processing take 199
Processing take 200
Processing take 201
Processing take 202
Processing take 203
Processing take 204
Processing take 205
Processing take 206
Processing take 207
Processing take 208
Processing take 209
Processing take 210
Processing take 211
Processing take 212
Processing take 213
Processing take 214
Processing take 215
Processing take 216
Processing take 217
Processing take 218
Processing take 219
Processing take 220
Processing take 221
Processing take 222
Processing take 223
Processing take 224
Processing take 225
Processing take 226
Processing take 227
Processing take 228
Processing take 229
Processing take 230
Processing take 231
Processing take 232
Processing take 233
Processing take 234
Processing take 235
Processing take 236
Processing take 237
Processing take 238
Processing take 239
Processing take 240
Processing take 241
Processing take 242
Processing take 243
Processing take 244
Processing take 245
Processing take 246
Processing take 247
Processing take 248
Processing take 249
Processing take 250
Processing take 251
Processing take 252
Processing take 253
Processing take 254
Processing take 255
Processing take 256
Processing take 257
Processing take 258
Processing take 259
Processing take 260
Processing take 261
Processing take 262
Processing take 263
Processing take 264
Processing take 265
Processing take 266
Processing take 267
Processing take 268
Processing take 269
Processing take 270
Processing take 271
Processing take 272
Processing take 273
Processing take 274
Processing take 275
Processing take 276
Processing take 277
Processing take 278
Processing take 279
Processing take 280
Processing take 281
Processing take 282
Processing take 283
Processing take 284
Processing take 285
Processing take 286
Processing take 287
Processing take 288
Processing take 289
Processing take 290
Processing take 291
Processing take 292
Processing take 293
Processing take 294
Processing take 295
Processing take 296
Processing take 297
Processing take 298
Processing take 299
Processing take 300
Processing take 301
Processing take 302
Processing take 303
Processing take 304
Processing take 305
Processing take 306
Processing take 307
Processing take 308
Processing take 309
Processing take 310
Processing take 311
Processing take 312
Processing take 313
Processing take 314
Processing take 315
Processing take 316
Processing take 317
Processing take 318
Processing take 319
Processing take 320
Processing take 321
Processing take 322
Processing take 323
Processing take 324
Processing take 325
Processing take 326
Processing take 327
Processing take 328
Processing take 329
Processing take 330
Processing take 331
Processing take 332
Processing take 333
Processing take 334
Processing take 335
Processing take 336
Processing take 337
Processing take 338
Processing take 339
Processing take 340
Processing take 341
Processing take 342
Processing take 343
Processing take 344
Processing take 345
Processing take 346
Processing take 347
Processing take 348
Processing take 349
Processing take 350
Processing take 351
Processing take 352
Processing take 353
Processing take 354
Processing take 355
Processing take 356
Processing take 357
Processing take 358
Processing take 359
Processing take 360
Processing take 361
Processing take 362
Processing take 363
Processing take 364
Processing take 365
Processing take 366
Processing take 367
Processing take 368
Processing take 369
Processing take 370
Processing take 371
Processing take 372
Processing take 373
Processing take 374
Processing take 375
Processing take 376
Processing take 377
Processing take 378
Processing take 379
Processing take 380
Processing take 381
Processing take 382
Processing take 383
Processing take 384
Processing take 385
Processing take 386
Processing take 387
Processing take 388
Processing take 389
Processing take 390
Processing take 391
Processing take 392
Processing take 393
Processing take 394
Processing take 395
Processing take 396
Processing take 397
Processing take 398
Processing take 399
Processing take 400
Processing take 401
Processing take 402
Processing take 403
Processing take 404
Processing take 405
Processing take 406
Processing take 407
Processing take 408
Processing take 409
Processing take 410
Processing take 411
Processing take 412
Processing take 413
Processing take 414
Processing take 415
Processing take 416
Processing take 417
Processing take 418
Processing take 419
Processing take 420
Processing take 421
Processing take 422
Processing take 423
Processing take 424
Processing take 425
Processing take 426
Processing take 427
Processing take 428
Processing take 429
Processing take 430
Processing take 431
Processing take 432
Processing take 433
Processing take 434
Processing take 435
Processing take 436
Processing take 437
Processing take 438
Processing take 439
Processing take 440
Processing take 441
Processing take 442
Processing take 443
Processing take 444
Processing take 445
Processing take 446
Processing take 447
Processing take 448
Processing take 449
Processing take 450
Processing take 451
Processing take 452
Processing take 453
Processing take 454
Processing take 455
Processing take 456
Processing take 457
Processing take 458
Processing take 459
Processing take 460
Processing take 461
Processing take 462
Processing take 463
Processing take 464
Processing take 465
Processing take 466
Processing take 467
Processing take 468
Processing take 469
Processing take 470
Processing take 471
Processing take 472
Processing take 473
Processing take 474
Processing take 475
Processing take 476
Processing take 477
Processing take 478
Processing take 479
Processing take 480
Processing take 481
Processing take 482
Processing take 483
Processing take 484
Processing take 485
Processing take 486
Processing take 487
Processing take 488
Processing take 489
Processing take 490
Processing take 491
Processing take 492
Processing take 493
Processing take 494
Processing take 495
Processing take 496
Processing take 497
Processing take 498
Processing take 499
Processing take 500
Processing take 501
Processing take 502
Processing take 503
Processing take 504
Processing take 505
Processing take 506
Processing take 507
Processing take 508
Processing take 509
Processing take 510
Processing take 511
Processing take 512
Processing take 513
Processing take 514
Processing take 515
Processing take 516
Processing take 517
Processing take 518
Processing take 519
Processing take 520
Processing take 521
Processing take 522
Processing take 523
Processing take 524
Processing take 525
Processing take 526
Processing take 527
Processing take 528
Processing take 529
Processing take 530
Processing take 531
Processing take 532
Processing take 533
Processing take 534
Processing take 535
Processing take 536
Processing take 537
Processing take 538
Processing take 539
Processing take 540
Processing take 541
Processing take 542
Processing take 543
Processing take 544
Processing take 545
Processing take 546
Processing take 547
Processing take 548
Processing take 549
Processing take 550
Processing take 551
Processing take 552
Processing take 553
Processing take 554
Processing take 555
Processing take 556
Processing take 557
Processing take 558
Processing take 559
Processing take 560
Processing take 561
Processing take 562
Processing take 563
Processing take 564
Processing take 565
Processing take 566
Processing take 567
Processing take 568
Processing take 569
Processing take 570
Processing take 571
Processing take 572
Processing take 573
Processing take 574
Processing take 575
Processing take 576
Processing take 577
Processing take 578
Processing take 579
Processing take 580
Processing take 581
Processing take 582
Processing take 583
Processing take 584
Processing take 585
Processing take 586
Processing take 587
Processing take 588
Processing take 589
Processing take 590
Processing take 591
Processing take 592
Processing take 593
Processing take 594
Processing take 595
Processing take 596
Processing take 597
Processing take 598
Processing take 599
Processing take 600
Processing take 601
Processing take 602
Processing take 603
Processing take 604
Processing take 605
Processing take 606
Processing take 607
Processing take 608
Processing take 609
Processing take 610
Processing take 611
Processing take 612
Processing take 613
Processing take 614
Processing take 615
Processing take 616
Processing take 617
Processing take 618
Processing take 619
Processing take 620
Processing take 621
Processing take 622
Processing take 623
Processing take 624
Processing take 625
Processing take 626
Processing take 627
Processing take 628
Processing take 629
Processing take 630
Processing take 631
Processing take 632
Processing take 633
Processing take 634
Processing take 635
Processing take 636
Processing take 637
Processing take 638
Processing take 639
Processing take 640
Processing take 641
Processing take 642
Processing take 643
Processing take 644
Processing take 645
Processing take 646
Processing take 647
Processing take 648
Processing take 649
Processing take 650
Processing take 651
Processing take 652
Processing take 653
Processing take 654
Processing take 655
Processing take 656
Processing take 657
Processing take 658
Processing take 659
Processing take 660
Processing take 661
Processing take 662
Processing take 663
Processing take 664
Processing take 665
Processing take 666
Processing take 667
Processing take 668
Processing take 669
Processing take 670
Processing take 671
Processing take 672
Processing take 673
Processing take 674
Processing take 675
Processing take 676
Processing take 677
Processing take 678
Processing take 679
Processing take 680
Processing take 681
Processing take 682
Processing take 683
Processing take 684
Processing take 685
Processing take 686
Processing take 687
Processing take 688
Processing take 689
Processing take 690
Processing take 691
Processing take 692
Processing take 693
Processing take 694
Processing take 695
Processing take 696
Processing take 697
Processing take 698
Processing take 699
Processing take 700
Processing take 701
Processing take 702
Processing take 703
Processing take 704
Processing take 705
Processing take 706
Processing take 707
Processing take 708
Processing take 709
Processing take 710
Processing take 711
Processing take 712
Processing take 713
Processing take 714
Processing take 715
Processing take 716
Processing take 717
Processing take 718
Processing take 719
Processing take 720
Processing take 721
Processing take 722
Processing take 723
Processing take 724
Processing take 725
Processing take 726
Processing take 727
Processing take 728
Processing take 729
Processing take 730
Processing take 731
Processing take 732
Processing take 733
Processing take 734
Processing take 735
Processing take 736
Processing take 737
Processing take 738
Processing take 739
Processing take 740
Processing take 741
Processing take 742
Processing take 743
Processing take 744
Processing take 745
Processing take 746
Processing take 747
Processing take 748
Processing take 749
Processing take 750
Processing take 751
Processing take 752
Processing take 753
Processing take 754
Processing take 755
Processing take 756
Processing take 757
Processing take 758
Processing take 759
Processing take 760
Processing take 761
Processing take 762
Processing take 763
Processing take 764
Processing take 765
Processing take 766
Processing take 767
Processing take 768
Processing take 769
Processing take 770
Processing take 771
Processing take 772
Processing take 773
Processing take 774
Processing take 775
Processing take 776
Processing take 777
Processing take 778
Processing take 779
Processing take 780
Processing take 781
Processing take 782
Processing take 783
Processing take 784
Processing take 785
Processing take 786
Processing take 787
Processing take 788
Processing take 789
Processing take 790
Processing take 791
Processing take 792
Processing take 793
Processing take 794
Processing take 795
Processing take 796
Processing take 797
Processing take 798
Processing take 799
Processing take 800
Processing take 801
Processing take 802
Processing take 803
Processing take 804
Processing take 805
Processing take 806
Processing take 807
Processing take 808
Processing take 809
Processing take 810
Processing take 811
Processing take 812
Processing take 813
Processing take 814
Processing take 815
Processing take 816
Processing take 817
Processing take 818
Processing take 819
Processing take 820
Processing take 821
Processing take 822
Processing take 823
Processing take 824
Processing take 825
Processing take 826
Processing take 827
Processing take 828
Processing take 829
Processing take 830
Processing take 831
Processing take 832
Processing take 833
Processing take 834
Processing take 835
Processing take 836
Processing take 837
Processing take 838
Processing take 839
Processing take 840
Processing take 841
Processing take 842
Processing take 843
Processing take 844
Processing take 845
Processing take 846
Processing take 847
Processing take 848
Processing take 849
Processing take 850
Processing take 851
Processing take 852
Processing take 853
Processing take 854
Processing take 855
Processing take 856
Processing take 857
Processing take 858
Processing take 859
Processing take 860
Processing take 861
Processing take 862
Processing take 863
Processing take 864
Processing take 865
Processing take 866
Processing take 867
Processing take 868
Processing take 869
Processing take 870
Processing take 871
Processing take 872
Processing take 873
Processing take 874
Processing take 875
Processing take 876
Processing take 877
Processing take 878
Processing take 879
Processing take 880
Processing take 881
Processing take 882
Processing take 883
Processing take 884
Processing take 885
Processing take 886
Processing take 887
Processing take 888
Processing take 889
Processing take 890
Processing take 891
Processing take 892
Processing take 893
Processing take 894
Processing take 895
Processing take 896
Processing take 897
Processing take 898
Processing take 899
Processing take 900
Processing take 901
Processing take 902
Processing take 903
Processing take 904
Processing take 905
Processing take 906
Processing take 907
Processing take 908
Processing take 909
Processing take 910
Processing take 911
Processing take 912
Processing take 913
Processing take 914
Processing take 915
Processing take 916
Processing take 917
Processing take 918
Processing take 919
Processing take 920
Processing take 921
Processing take 922
Processing take 923
Processing take 924
Processing take 925
Processing take 926
Processing take 927
Processing take 928
Processing take 929
Processing take 930
Processing take 931
Processing take 932
Processing take 933
Processing take 934
Processing take 935
Processing take 936
Processing take 937
Processing take 938
Processing take 939
Processing take 940
Processing take 941
Processing take 942
Processing take 943
Processing take 944
Processing take 945
Processing take 946
Processing take 947
Processing take 948
Processing take 949
Processing take 950
Processing take 951
Processing take 952
Processing take 953
Processing take 954
Processing take 955
Processing take 956
Processing take 957
Processing take 958
Processing take 959
Processing take 960
Processing take 961
Processing take 962
Processing take 963
Processing take 964
Processing take 965
Processing take 966
Processing take 967
Processing take 968
Processing take 969
Processing take 970
Processing take 971
Processing take 972
Processing take 973
Processing take 974
Processing take 975
Processing take 976
Processing take 977
Processing take 978
Processing take 979
Processing take 980
Processing take 981
Processing take 982
Processing take 983
Processing take 984
Processing take 985
Processing take 986
Processing take 987
Processing take 988
Processing take 989
Processing take 990
Processing take 991
Processing take 992
Processing take 993
Processing take 994
Processing take 995
Processing take 996
Processing take 997
Processing take 998
Processing take 999
Processing take 1000
Processing take 1001
Processing take 1002
Processing take 1003
Processing take 1004
Processing take 1005
Processing take 1006
Processing take 1007
Processing take 1008
Processing take 1009
Processing take 1010
Processing take 1011
Processing take 1012
Processing take 1013
Processing take 1014
Processing take 1015
Processing take 1016
Processing take 1017
Processing take 1018
Processing take 1019
Processing take 1020
Processing take 1021
Processing take 1022
Processing take 1023
Processing take 1024
Processing take 1025
Processing take 1026
Processing take 1027
Processing take 1028
Processing take 1029
Processing take 1030
Processing take 1031
Processing take 1032
Processing take 1033
Processing take 1034
Processing take 1035
Processing take 1036
Processing take 1037
Processing take 1038
Processing take 1039
Processing take 1040
Processing take 1041
Processing take 1042
Processing take 1043
Processing take 1044
Processing take 1045
Processing take 1046
Processing take 1047
Processing take 1048
Processing take 1049
Processing take 1050
Processing take 1051
Processing take 1052
Processing take 1053
Processing take 1054
Processing take 1055
Processing take 1056
Processing take 1057
Processing take 1058
Processing take 1059
Processing take 1060
Processing take 1061
Processing take 1062
Processing take 1063
Processing take 1064
Processing take 1065
Processing take 1066
Processing take 1067
Processing take 1068
Processing take 1069
Processing take 1070
Processing take 1071
Processing take 1072
Processing take 1073
Processing take 1074
Processing take 1075
Processing take 1076
Processing take 1077
Processing take 1078
Processing take 1079
Processing take 1080
Processing take 1081
Processing take 1082
Processing take 1083
Processing take 1084
Processing take 1085
Processing take 1086
Processing take 1087
Processing take 1088
Processing take 1089
Processing take 1090
Processing take 1091
Processing take 1092
Processing take 1093
Processing take 1094
Processing take 1095
Processing take 1096
Processing take 1097
Processing take 1098
Processing take 1099
Processing take 1100
Processing take 1101
Processing take 1102
Processing take 1103
Processing take 1104
Processing take 1105
Processing take 1106
Processing take 1107
Processing take 1108
Processing take 1109
Processing take 1110
Processing take 1111
Processing take 1112
Processing take 1113
Processing take 1114
Processing take 1115
Processing take 1116
Processing take 1117
Processing take 1118
Processing take 1119
Processing take 1120
Processing take 1121
Processing take 1122
Processing take 1123
Processing take 1124
Processing take 1125
Processing take 1126
Processing take 1127
Processing take 1128
Processing take 1129
Processing take 1130
Processing take 1131
Processing take 1132
Processing take 1133
Processing take 1134
Processing take 1135
Processing take 1136
Processing take 1137
Processing take 1138
Processing take 1139
Processing take 1140
Processing take 1141
Processing take 1142
Processing take 1143
Processing take 1144
Processing take 1145
Processing take 1146
Processing take 1147
Processing take 1148
Processing take 1149
Processing take 1150
Processing take 1151
Processing take 1152
Processing take 1153
Processing take 1154
Processing take 1155
Processing take 1156
Processing take 1157
Processing take 1158
Processing take 1159
Processing take 1160
Processing take 1161
Processing take 1162
Processing take 1163
Processing take 1164
Processing take 1165
Processing take 1166
Processing take 1167
Processing take 1168
Processing take 1169
Processing take 1170
Processing take 1171
Processing take 1172
Processing take 1173
Processing take 1174
Processing take 1175
Processing take 1176
Processing take 1177
Processing take 1178
Processing take 1179
Processing take 1180
Processing take 1181
Processing take 1182
Processing take 1183
Processing take 1184
Processing take 1185
Processing take 1186
Processing take 1187
Processing take 1188
Processing take 1189
Processing take 1190
Processing take 1191
Processing take 1192
Processing take 1193
Processing take 1194
Processing take 1195
Processing take 1196
Processing take 1197
Processing take 1198
Processing take 1199
Processing take 1200
Processing take 1201
Processing take 1202
Processing take 1203
Processing take 1204
Processing take 1205
Processing take 1206
Processing take 1207
Processing take 1208
Processing take 1209
Processing take 1210
Processing take 1211
Processing take 1212
Processing take 1213
Processing take 1214
Processing take 1215
Processing take 1216
Processing take 1217
Processing take 1218
Processing take 1219
Processing take 1220
Processing take 1221
Processing take 1222
Processing take 1223
Processing take 1224
Processing take 1225
Processing take 1226
Processing take 1227
Processing take 1228
Processing take 1229
Processing take 1230
Processing take 1231
Processing take 1232
Processing take 1233
Processing take 1234
Processing take 1235
Processing take 1236
Processing take 1237
Processing take 1238
Processing take 1239
Processing take 1240
Processing take 1241
Processing take 1242
Processing take 1243
Processing take 1244
Processing take 1245
Processing take 1246
Processing take 1247
Processing take 1248
Processing take 1249
Processing take 1250
Processing take 1251
Processing take 1252
Processing take 1253
Processing take 1254
Processing take 1255
Processing take 1256
Processing take 1257
Processing take 1258
Processing take 1259
Processing take 1260
Processing take 1261
Processing take 1262
Processing take 1263
Processing take 1264
Processing take 1265
Processing take 1266
Processing take 1267
Processing take 1268
Processing take 1269
Processing take 1270
Processing take 1271
Processing take 1272
Processing take 1273
Processing take 1274
Processing take 1275
Processing take 1276
Processing take 1277
Processing take 1278
Processing take 1279
Processing take 1280
Processing take 1281
Processing take 1282
Processing take 1283
Processing take 1284
Processing take 1285
Processing take 1286
Processing take 1287
Processing take 1288
Processing take 1289
Processing take 1290
Processing take 1291
Processing take 1292
Processing take 1293
Processing take 1294
Processing take 1295
Processing take 1296
Processing take 1297
Processing take 1298
Processing take 1299
Processing take 1300
Processing take 1301
Processing take 1302
Processing take 1303
Processing take 1304
Processing take 1305
Processing take 1306
Processing take 1307
Processing take 1308
Processing take 1309
Processing take 1310
Processing take 1311
Processing take 1312
Processing take 1313
Processing take 1314
Processing take 1315
Processing take 1316
Processing take 1317
Processing take 1318
Processing take 1319
Processing take 1320
Processing take 1321
Processing take 1322
Processing take 1323
Processing take 1324
Processing take 1325
Processing take 1326
Processing take 1327
Processing take 1328
Processing take 1329
Processing take 1330
Processing take 1331
Processing take 1332
Processing take 1333
Processing take 1334
Processing take 1335
Processing take 1336
Processing take 1337
Processing take 1338
Processing take 1339
Processing take 1340
Processing take 1341
Processing take 1342
Processing take 1343
Processing take 1344
Processing take 1345
Processing take 1346
Processing take 1347
Processing take 1348
Processing take 1349
Processing take 1350
Processing take 1351
Processing take 1352
Processing take 1353
Processing take 1354
Processing take 1355
Processing take 1356
Processing take 1357
Processing take 1358
Processing take 1359
Processing take 1360
Processing take 1361
Processing take 1362
Processing take 1363
Processing take 1364
Processing take 1365
Processing take 1366
Processing take 1367
Processing take 1368
Processing take 1369
Processing take 1370
Processing take 1371
Processing take 1372
Processing take 1373
Processing take 1374
Processing take 1375
Processing take 1376
Processing take 1377
Processing take 1378
Processing take 1379
Processing take 1380
Processing take 1381
Processing take 1382
Processing take 1383
Processing take 1384
Processing take 1385
Processing take 1386
Processing take 1387
Processing take 1388
Processing take 1389
Processing take 1390
Processing take 1391
Processing take 1392
Processing take 1393
Processing take 1394
Processing take 1395
Processing take 1396
Processing take 1397
Processing take 1398
Processing take 1399
Processing take 1400
Processing take 1401
Processing take 1402
Processing take 1403
Processing take 1404
Processing take 1405
Processing take 1406
Processing take 1407
Processing take 1408
Processing take 1409
Processing take 1410
Processing take 1411
Processing take 1412
Processing take 1413
Processing take 1414
Processing take 1415
Processing take 1416
Processing take 1417
Processing take 1418
Processing take 1419
Processing take 1420
Processing take 1421
Processing take 1422
Processing take 1423
Processing take 1424
Processing take 1425
Processing take 1426
Processing take 1427
Processing take 1428
Processing take 1429
Processing take 1430
Processing take 1431
Processing take 1432
Processing take 1433
Processing take 1434
Processing take 1435
Processing take 1436
Processing take 1437
Processing take 1438
Processing take 1439
Processing take 1440
Processing take 1441
Processing take 1442
Processing take 1443
Processing take 1444
Processing take 1445
Processing take 1446
Processing take 1447
Processing take 1448
Processing take 1449
Processing take 1450
Processing take 1451
Processing take 1452
Processing take 1453
Processing take 1454
Processing take 1455
Processing take 1456
Processing take 1457
Processing take 1458
Processing take 1459
Processing take 1460
Processing take 1461
Processing take 1462
Processing take 1463
Processing take 1464
Processing take 1465
Processing take 1466
Processing take 1467
Processing take 1468
Processing take 1469
Processing take 1470
Processing take 1471
Processing take 1472
Processing take 1473
Processing take 1474
Processing take 1475
Processing take 1476
Processing take 1477
Processing take 1478
Processing take 1479
Processing take 1480
Processing take 1481
Processing take 1482
Processing take 1483
Processing take 1484
Processing take 1485
Processing take 1486
Processing take 1487
Processing take 1488
Processing take 1489
Processing take 1490
Processing take 1491
Processing take 1492
Processing take 1493
Processing take 1494
Processing take 1495
Processing take 1496
Processing take 1497
Processing take 1498
Processing take 1499
Processing take 1500
Processing take 1501
Processing take 1502
Processing take 1503
Processing take 1504
Processing take 1505
Processing take 1506
Processing take 1507
Processing take 1508
Processing take 1509
Processing take 1510
Processing take 1511
Processing take 1512
Processing take 1513
Processing take 1514
Processing take 1515
Processing take 1516
Processing take 1517
Processing take 1518
Processing take 1519
Processing take 1520
Processing take 1521
Processing take 1522
Processing take 1523
Processing take 1524
Processing take 1525
Processing take 1526
Processing take 1527
Processing take 1528
Processing take 1529
Processing take 1530
Processing take 1531
Processing take 1532
Processing take 1533
Processing take 1534
Processing take 1535
Processing take 1536
Processing take 1537
Processing take 1538
Processing take 1539
Processing take 1540
Processing take 1541
Processing take 1542
Processing take 1543
Processing take 1544
Processing take 1545
Processing take 1546
Processing take 1547
Processing take 1548
Processing take 1549
Processing take 1550
Processing take 1551
Processing take 1552
Processing take 1553
Processing take 1554
Processing take 1555
Processing take 1556
Processing take 1557
Processing take 1558
Processing take 1559
Processing take 1560
Processing take 1561
Processing take 1562
Processing take 1563
Processing take 1564
Processing take 1565
Processing take 1566
Processing take 1567
Processing take 1568
Processing take 1569
Processing take 1570
Processing take 1571
Processing take 1572
Processing take 1573
Processing take 1574
Processing take 1575
Processing take 1576
Processing take 1577
Processing take 1578
Processing take 1579
Processing take 1580
Processing take 1581
Processing take 1582
Processing take 1583
Processing take 1584
Processing take 1585
Processing take 1586
Processing take 1587
Processing take 1588
Processing take 1589
Processing take 1590
Processing take 1591
Processing take 1592
Processing take 1593
Processing take 1594
Processing take 1595
Processing take 1596
Processing take 1597
Processing take 1598
Processing take 1599
Processing take 1600
Processing take 1601
Processing take 1602
Processing take 1603
Processing take 1604
Processing take 1605
Processing take 1606
Processing take 1607
Processing take 1608
Processing take 1609
Processing take 1610
Processing take 1611
Processing take 1612
Processing take 1613
Processing take 1614
Processing take 1615
Processing take 1616
Processing take 1617
Processing take 1618
Processing take 1619
Processing take 1620
Processing take 1621
Processing take 1622
Processing take 1623
Processing take 1624
Processing take 1625
Processing take 1626
Processing take 1627
Processing take 1628
Processing take 1629
Processing take 1630
Processing take 1631
Processing take 1632
Processing take 1633
Processing take 1634
Processing take 1635
Processing take 1636
Processing take 1637
Processing take 1638
Processing take 1639
Processing take 1640
Processing take 1641
Processing take 1642
Processing take 1643
Processing take 1644
Processing take 1645
Processing take 1646
Processing take 1647
Processing take 1648
Processing take 1649
Processing take 1650
Processing take 1651
Processing take 1652
Processing take 1653
Processing take 1654
Processing take 1655
Processing take 1656
Processing take 1657
Processing take 1658
Processing take 1659
Processing take 1660
Processing take 1661
Processing take 1662
Processing take 1663
Processing take 1664
Processing take 1665
Processing take 1666
Processing take 1667
Processing take 1668
Processing take 1669
Processing take 1670
Processing take 1671
Processing take 1672
Processing take 1673
Processing take 1674
Processing take 1675
Processing take 1676
Processing take 1677
Processing take 1678
Processing take 1679
Processing take 1680
Processing take 1681
Processing take 1682
Processing take 1683
Processing take 1684
Processing take 1685
Processing take 1686
Processing take 1687
Processing take 1688
Processing take 1689
Processing take 1690
Processing take 1691
Processing take 1692
Processing take 1693
Processing take 1694
Processing take 1695
Processing take 1696
Processing take 1697
Processing take 1698
Processing take 1699
Processing take 1700
Processing take 1701
Processing take 1702
Processing take 1703
Processing take 1704
Processing take 1705
Processing take 1706
Processing take 1707
Processing take 1708
Processing take 1709
Processing take 1710
Processing take 1711
Processing take 1712
Processing take 1713
Processing take 1714
Processing take 1715
Processing take 1716
Processing take 1717
Processing take 1718
Processing take 1719
Processing take 1720
Processing take 1721
Processing take 1722
Processing take 1723
Processing take 1724
Processing take 1725
Processing take 1726
Processing take 1727
Processing take 1728
Processing take 1729
Processing take 1730
Processing take 1731
Processing take 1732
Processing take 1733
Processing take 1734
Processing take 1735
Processing take 1736
Processing take 1737
Processing take 1738
Processing take 1739
Processing take 1740
Processing take 1741
Processing take 1742
Processing take 1743
Processing take 1744
Processing take 1745
Processing take 1746
Processing take 1747
Processing take 1748
Processing take 1749
Processing take 1750
Processing take 1751
Processing take 1752
Processing take 1753
Processing take 1754
Processing take 1755
Processing take 1756
Processing take 1757
Processing take 1758
Processing take 1759
Processing take 1760
Processing take 1761
Processing take 1762
Processing take 1763
Processing take 1764
Processing take 1765
Processing take 1766
Processing take 1767
Processing take 1768
Processing take 1769
Processing take 1770
Processing take 1771
Processing take 1772
Processing take 1773
Processing take 1774
Processing take 1775
Processing take 1776
Processing take 1777
Processing take 1778
Processing take 1779
Processing take 1780
Processing take 1781
Processing take 1782
Processing take 1783
Processing take 1784
Processing take 1785
Processing take 1786
Processing take 1787
Processing take 1788
Processing take 1789
Processing take 1790
Processing take 1791
Processing take 1792
Processing take 1793
Processing take 1794
Processing take 1795
Processing take 1796
Processing take 1797
Processing take 1798
Processing take 1799
Processing take 1800
Processing take 1801
Processing take 1802
Processing take 1803
Processing take 1804
Processing take 1805
Processing take 1806
Processing take 1807
Processing take 1808
Processing take 1809
Processing take 1810
Processing take 1811
Processing take 1812
Processing take 1813
Processing take 1814
Processing take 1815
Processing take 1816
Processing take 1817
Processing take 1818
Processing take 1819
Processing take 1820
Processing take 1821
Processing take 1822
Processing take 1823
Processing take 1824
Processing take 1825
Processing take 1826
Processing take 1827
Processing take 1828
Processing take 1829
Processing take 1830
Processing take 1831
Processing take 1832
Processing take 1833
Processing take 1834
Processing take 1835
Processing take 1836
Processing take 1837
Processing take 1838
Processing take 1839
Processing take 1840
Processing take 1841
Processing take 1842
Processing take 1843
Processing take 1844
Processing take 1845
Processing take 1846
Processing take 1847
Processing take 1848
Processing take 1849
Processing take 1850
Processing take 1851
Processing take 1852
Processing take 1853
Processing take 1854
Processing take 1855
Processing take 1856
Processing take 1857
Processing take 1858
Processing take 1859
Processing take 1860
Processing take 1861
Processing take 1862
Processing take 1863
Processing take 1864
Processing take 1865
Processing take 1866
Processing take 1867
Processing take 1868
Processing take 1869
Processing take 1870
Processing take 1871
Processing take 1872
Processing take 1873
Processing take 1874
Processing take 1875
Processing take 1876
Processing take 1877
Processing take 1878
Processing take 1879
Processing take 1880
Processing take 1881
Processing take 1882
Processing take 1883
Processing take 1884
Processing take 1885
Processing take 1886
Processing take 1887
Processing take 1888
Processing take 1889
Processing take 1890
Processing take 1891
Processing take 1892
Processing take 1893
Processing take 1894
Processing take 1895
Processing take 1896
Processing take 1897
Processing take 1898
Processing take 1899
Processing take 1900
Processing take 1901
Processing take 1902
Processing take 1903
Processing take 1904
Processing take 1905
Processing take 1906
Processing take 1907
Processing take 1908
Processing take 1909
Processing take 1910
Processing take 1911
Processing take 1912
Processing take 1913
Processing take 1914
Processing take 1915
Processing take 1916
Processing take 1917
Processing take 1918
Processing take 1919
Processing take 1920
Processing take 1921
Processing take 1922
Processing take 1923
Processing take 1924
Processing take 1925
Processing take 1926
Processing take 1927
Processing take 1928
Processing take 1929
Processing take 1930
Processing take 1931
Processing take 1932
Processing take 1933
Processing take 1934
Processing take 1935
Processing take 1936
Processing take 1937
Processing take 1938
Processing take 1939
Processing take 1940
Processing take 1941
Processing take 1942
Processing take 1943
Processing take 1944
Processing take 1945
Processing take 1946
Processing take 1947
Processing take 1948
Processing take 1949
Processing take 1950
Processing take 1951
Processing take 1952
Processing take 1953
Processing take 1954
Processing take 1955
Processing take 1956
Processing take 1957
Processing take 1958
Processing take 1959
Processing take 1960
Processing take 1961
Processing take 1962
Processing take 1963
Processing take 1964
Processing take 1965
Processing take 1966
Processing take 1967
Processing take 1968
Processing take 1969
Processing take 1970
Processing take 1971
Processing take 1972
Processing take 1973
Processing take 1974
Processing take 1975
Processing take 1976
Processing take 1977
Processing take 1978
Processing take 1979
Processing take 1980
Processing take 1981
Processing take 1982
Processing take 1983
Processing take 1984
Processing take 1985
Processing take 1986
Processing take 1987
Processing take 1988
Processing take 1989
Processing take 1990
Processing take 1991
Processing take 1992
Processing take 1993
Processing take 1994
Processing take 1995
Processing take 1996
Processing take 1997
Processing take 1998
Processing take 1999
Processing take 2000
Processing take 2001
Processing take 2002
Processing take 2003
Processing take 2004
Processing take 2005
Processing take 2006
Processing take 2007
Processing take 2008
Processing take 2009
Processing take 2010
Processing take 2011
Processing take 2012
Processing take 2013
Processing take 2014
Processing take 2015
Processing take 2016
Processing take 2017
Processing take 2018
Processing take 2019
Processing take 2020
Processing take 2021
Processing take 2022
Processing take 2023
Processing take 2024
Processing take 2025
Processing take 2026
Processing take 2027
Processing take 2028
Processing take 2029
Processing take 2030
Processing take 2031
Processing take 2032
Processing take 2033
Processing take 2034
Processing take 2035
Processing take 2036
Processing take 2037
Processing take 2038
Processing take 2039
Processing take 2040
Processing take 2041
Processing take 2042
Processing take 2043
Processing take 2044
Processing take 2045
Processing take 2046
Processing take 2047
Processing take 2048
Processing take 2049
Processing take 2050
Processing take 2051
Processing take 2052
Processing take 2053
Processing take 2054
Processing take 2055
Processing take 2056
Processing take 2057
Processing take 2058
Processing take 2059
Processing take 2060
Processing take 2061
Processing take 2062
Processing take 2063
Processing take 2064
Processing take 2065
Processing take 2066
Processing take 2067
Processing take 2068
Processing take 2069
Processing take 2070
Processing take 2071
Processing take 2072
Processing take 2073
Processing take 2074
Processing take 2075
Processing take 2076
Processing take 2077
Processing take 2078
Processing take 2079
Processing take 2080
Processing take 2081
Processing take 2082
Processing take 2083
Processing take 2084
Processing take 2085
Processing take 2086
Processing take 2087
Processing take 2088
Processing take 2089
Processing take 2090
Processing take 2091
Processing take 2092
Processing take 2093
Processing take 2094
Processing take 2095
Processing take 2096
Processing take 2097
Processing take 2098
Processing take 2099
Processing take 2100
Processing take 2101
Processing take 2102
Processing take 2103
Processing take 2104
Processing take 2105
Processing take 2106
Processing take 2107
Processing take 2108
Processing take 2109
Processing take 2110
Processing take 2111
Processing take 2112
Processing take 2113
Processing take 2114
Processing take 2115
Processing take 2116
Processing take 2117
Processing take 2118
Processing take 2119
Processing take 2120
Processing take 2121
Processing take 2122
Processing take 2123
Processing take 2124
Processing take 2125
Processing take 2126
Processing take 2127
Processing take 2128
Processing take 2129
Processing take 2130
Processing take 2131
Processing take 2132
Processing take 2133
Processing take 2134
Processing take 2135
Processing take 2136
Processing take 2137
Processing take 2138
Processing take 2139
Processing take 2140
Processing take 2141
Processing take 2142
Processing take 2143
Processing take 2144
Processing take 2145
Processing take 2146
Processing take 2147
Processing take 2148
Processing take 2149
Processing take 2150
Processing take 2151
Processing take 2152
Processing take 2153
Processing take 2154
Processing take 2155
Processing take 2156
Processing take 2157
Processing take 2158
Processing take 2159
Processing take 2160
Processing take 2161
Processing take 2162
Processing take 2163
Processing take 2164
Processing take 2165
Processing take 2166
Processing take 2167
Processing take 2168
Processing take 2169
Processing take 2170
Processing take 2171
Processing take 2172
Processing take 2173
Processing take 2174
Processing take 2175
Processing take 2176
Processing take 2177
Processing take 2178
Processing take 2179
Processing take 2180
Processing take 2181
Processing take 2182
Processing take 2183
Processing take 2184
Processing take 2185
Processing take 2186
Processing take 2187
Processing take 2188
Processing take 2189
Processing take 2190
Processing take 2191
Processing take 2192
Processing take 2193
Processing take 2194
Processing take 2195
Processing take 2196
Processing take 2197
Processing take 2198
Processing take 2199
Processing take 2200
Processing take 2201
Processing take 2202
Processing take 2203
Processing take 2204
Processing take 2205
Processing take 2206
Processing take 2207
Processing take 2208
Processing take 2209
Processing take 2210
Processing take 2211
Processing take 2212
Processing take 2213
Processing take 2214
Processing take 2215
Processing take 2216
Processing take 2217
Processing take 2218
Processing take 2219
Processing take 2220
Processing take 2221
Processing take 2222
Processing take 2223
Processing take 2224
Processing take 2225
Processing take 2226
Processing take 2227
Processing take 2228
Processing take 2229
Processing take 2230
Processing take 2231
Processing take 2232
Processing take 2233
Processing take 2234
Processing take 2235
Processing take 2236
Processing take 2237
Processing take 2238
Processing take 2239
Processing take 2240
Processing take 2241
Processing take 2242
Processing take 2243
Processing take 2244
Processing take 2245
Processing take 2246
Processing take 2247
Processing take 2248
Processing take 2249
Processing take 2250
Processing take 2251
Processing take 2252
Processing take 2253
Processing take 2254
Processing take 2255
Processing take 2256
Processing take 2257
Processing take 2258
Processing take 2259
Processing take 2260
Processing take 2261
Processing take 2262
Processing take 2263
Processing take 2264
Processing take 2265
Processing take 2266
Processing take 2267
Processing take 2268
Processing take 2269
Processing take 2270
Processing take 2271
Processing take 2272
Processing take 2273
Processing take 2274
Processing take 2275
Processing take 2276
Processing take 2277
Processing take 2278
Processing take 2279
Processing take 2280
Processing take 2281
Processing take 2282
Processing take 2283
Processing take 2284
Processing take 2285
Processing take 2286
Processing take 2287
Processing take 2288
Processing take 2289
Processing take 2290
Processing take 2291
Processing take 2292
Processing take 2293
Processing take 2294
Processing take 2295
Processing take 2296
Processing take 2297
Processing take 2298
Processing take 2299
Processing take 2300
Processing take 2301
Processing take 2302
Processing take 2303
Processing take 2304
Processing take 2305
Processing take 2306
Processing take 2307
Processing take 2308
Processing take 2309
Processing take 2310
Processing take 2311
Processing take 2312
Processing take 2313
Processing take 2314
Processing take 2315
Processing take 2316
Processing take 2317
Processing take 2318
Processing take 2319
Processing take 2320
Processing take 2321
Processing take 2322
Processing take 2323
Processing take 2324
Processing take 2325
Processing take 2326
Processing take 2327
Processing take 2328
Processing take 2329
Processing take 2330
Processing take 2331
Processing take 2332
Processing take 2333
Processing take 2334
Processing take 2335
Processing take 2336
Processing take 2337
Processing take 2338
Processing take 2339
Processing take 2340
Processing take 2341
Processing take 2342
Processing take 2343
Processing take 2344
Processing take 2345
Processing take 2346
Processing take 2347
Processing take 2348
Processing take 2349
Processing take 2350
Processing take 2351
Processing take 2352
Processing take 2353
Processing take 2354
Processing take 2355
Processing take 2356
Processing take 2357
Processing take 2358
Processing take 2359
Processing take 2360
Processing take 2361
Processing take 2362
Processing take 2363
Processing take 2364
Processing take 2365
Processing take 2366
Processing take 2367
Processing take 2368
Processing take 2369
Processing take 2370
Processing take 2371
Processing take 2372
Processing take 2373
Processing take 2374
Processing take 2375
Processing take 2376
Processing take 2377
Processing take 2378
Processing take 2379
Processing take 2380
Processing take 2381
Processing take 2382
Processing take 2383
Processing take 2384
Processing take 2385
Processing take 2386
Processing take 2387
Processing take 2388
Processing take 2389
Processing take 2390
Processing take 2391
Processing take 2392
Processing take 2393
Processing take 2394
Processing take 2395
Processing take 2396
Processing take 2397
Processing take 2398
Processing take 2399
Processing take 2400
Processing take 2401
Processing take 2402
Processing take 2403
Processing take 2404
Processing take 2405
Processing take 2406
Processing take 2407
Processing take 2408
Processing take 2409
Processing take 2410
Processing take 2411
Processing take 2412
Processing take 2413
Processing take 2414
Processing take 2415
Processing take 2416
Processing take 2417
Processing take 2418
Processing take 2419
Processing take 2420
Processing take 2421
Processing take 2422
Processing take 2423
Processing take 2424
Processing take 2425
Processing take 2426
Processing take 2427
Processing take 2428
Processing take 2429
Processing take 2430
Processing take 2431
Processing take 2432
Processing take 2433
Processing take 2434
Processing take 2435
Processing take 2436
Processing take 2437
Processing take 2438
Processing take 2439
Processing take 2440
Processing take 2441
Processing take 2442
Processing take 2443
Processing take 2444
Processing take 2445
Processing take 2446
Processing take 2447
Processing take 2448
Processing take 2449
Processing take 2450
Processing take 2451
Processing take 2452
Processing take 2453
Processing take 2454
Processing take 2455
Processing take 2456
Processing take 2457
Processing take 2458
Processing take 2459
Processing take 2460
Processing take 2461
Processing take 2462
Processing take 2463
Processing take 2464
Processing take 2465
Processing take 2466
Processing take 2467
Processing take 2468
Processing take 2469
Processing take 2470
Processing take 2471
Processing take 2472
Processing take 2473
Processing take 2474
Processing take 2475
Processing take 2476
Processing take 2477
Processing take 2478
Processing take 2479
Processing take 2480
Processing take 2481
Processing take 2482
Processing take 2483
Processing take 2484
Processing take 2485
Processing take 2486
Processing take 2487
Processing take 2488
Processing take 2489
Processing take 2490
Processing take 2491
Processing take 2492
Processing take 2493
Processing take 2494
Processing take 2495
Processing take 2496
Processing take 2497
Processing take 2498
Processing take 2499
Processing take 2500
Processing take 2501
Processing take 2502
Processing take 2503
Processing take 2504
Processing take 2505
Processing take 2506
Processing take 2507
Processing take 2508
Processing take 2509
Processing take 2510
Processing take 2511
Processing take 2512
Processing take 2513
Processing take 2514
Processing take 2515
Processing take 2516
Processing take 2517
Processing take 2518
Processing take 2519
Processing take 2520
Processing take 2521
Processing take 2522
Processing take 2523
Processing take 2524
Processing take 2525
Processing take 2526
Processing take 2527
Processing take 2528
Processing take 2529
Processing take 2530
Processing take 2531
Processing take 2532
Processing take 2533
Processing take 2534
Processing take 2535
Processing take 2536
Processing take 2537
Processing take 2538
Processing take 2539
Processing take 2540
Processing take 2541
Processing take 2542
Processing take 2543
Processing take 2544
Processing take 2545
Processing take 2546
Processing take 2547
Processing take 2548
Processing take 2549
Processing take 2550
Processing take 2551
Processing take 2552
Processing take 2553
Processing take 2554
Processing take 2555
Processing take 2556
Processing take 2557
Processing take 2558
Processing take 2559
Processing take 2560
Processing take 2561
Processing take 2562
Processing take 2563
Processing take 2564
Processing take 2565
Processing take 2566
Processing take 2567
Processing take 2568
Processing take 2569
Processing take 2570
Processing take 2571
Processing take 2572
Processing take 2573
Processing take 2574
Processing take 2575
Processing take 2576
Processing take 2577
Processing take 2578
Processing take 2579
Processing take 2580
Processing take 2581
Processing take 2582
Processing take 2583
Processing take 2584
Processing take 2585
Processing take 2586
Processing take 2587
Processing take 2588
Processing take 2589
Processing take 2590
Processing take 2591
Processing take 2592
Processing take 2593
Processing take 2594
Processing take 2595
Processing take 2596
Processing take 2597
Processing take 2598
Processing take 2599
Processing take 2600
Processing take 2601
Processing take 2602
Processing take 2603
Processing take 2604
Processing take 2605
Processing take 2606
Processing take 2607
Processing take 2608
Processing take 2609
Processing take 2610
Processing take 2611
Processing take 2612
Processing take 2613
Processing take 2614
Processing take 2615
Processing take 2616
Processing take 2617
Processing take 2618
Processing take 2619
Processing take 2620
Processing take 2621
Processing take 2622
Processing take 2623
Processing take 2624
Processing take 2625
Processing take 2626
Processing take 2627
Processing take 2628
Processing take 2629
Processing take 2630
Processing take 2631
Processing take 2632
Processing take 2633
Processing take 2634
Processing take 2635
Processing take 2636
Processing take 2637
Processing take 2638
Processing take 2639
Processing take 2640
Processing take 2641
Processing take 2642
Processing take 2643
Processing take 2644
Processing take 2645
Processing take 2646
Processing take 2647
Processing take 2648
Processing take 2649
Processing take 2650
Processing take 2651
Processing take 2652
Processing take 2653
Processing take 2654
Processing take 2655
Processing take 2656
Processing take 2657
Processing take 2658
Processing take 2659
Processing take 2660
Processing take 2661
Processing take 2662
Processing take 2663
Processing take 2664
Processing take 2665
Processing take 2666
Processing take 2667
Processing take 2668
Processing take 2669
Processing take 2670
Processing take 2671
Processing take 2672
Processing take 2673
Processing take 2674
Processing take 2675
Processing take 2676
Processing take 2677
Processing take 2678
Processing take 2679
Processing take 2680
Processing take 2681
Processing take 2682
Processing take 2683
Processing take 2684
Processing take 2685
Processing take 2686
Processing take 2687
Processing take 2688
Processing take 2689
Processing take 2690
Processing take 2691
Processing take 2692
Processing take 2693
Processing take 2694
Processing take 2695
Processing take 2696
Processing take 2697
Processing take 2698
Processing take 2699
Processing take 2700
Processing take 2701
Processing take 2702
Processing take 2703
Processing take 2704
Processing take 2705
Processing take 2706
Processing take 2707
Processing take 2708
Processing take 2709
Processing take 2710
Processing take 2711
Processing take 2712
Processing take 2713
Processing take 2714
Processing take 2715
Processing take 2716
Processing take 2717
Processing take 2718
Processing take 2719
Processing take 2720
Processing take 2721
Processing take 2722
Processing take 2723
Processing take 2724
Processing take 2725
Processing take 2726
Processing take 2727
Processing take 2728
Processing take 2729
Processing take 2730
Processing take 2731
Processing take 2732
Processing take 2733
Processing take 2734
Processing take 2735
Processing take 2736
Processing take 2737
Processing take 2738
Processing take 2739
Processing take 2740
Processing take 2741
Processing take 2742
Processing take 2743
Processing take 2744
Processing take 2745
Processing take 2746
Processing take 2747
Processing take 2748
Processing take 2749
Processing take 2750
Processing take 2751
Processing take 2752
Processing take 2753
Processing take 2754
Processing take 2755
Processing take 2756
Processing take 2757
Processing take 2758
Processing take 2759
Processing take 2760
Processing take 2761
Processing take 2762
Processing take 2763
Processing take 2764
Processing take 2765
Processing take 2766
Processing take 2767
Processing take 2768
Processing take 2769
Processing take 2770
Processing take 2771
Processing take 2772
Processing take 2773
Processing take 2774
Processing take 2775
Processing take 2776
Processing take 2777
Processing take 2778
Processing take 2779
Processing take 2780
Processing take 2781
Processing take 2782
Processing take 2783
Processing take 2784
Processing take 2785
Processing take 2786
Processing take 2787
Processing take 2788
Processing take 2789
Processing take 2790
Processing take 2791
Processing take 2792
Processing take 2793
Processing take 2794
Processing take 2795
Processing take 2796
Processing take 2797
Processing take 2798
Processing take 2799
Processing take 2800
Processing take 2801
Processing take 2802
Processing take 2803
Processing take 2804
Processing take 2805
Processing take 2806
Processing take 2807
Processing take 2808
Processing take 2809
Processing take 2810
Processing take 2811
Processing take 2812
Processing take 2813
Processing take 2814
Processing take 2815
Processing take 2816
Processing take 2817
Processing take 2818
Processing take 2819
Processing take 2820
Processing take 2821
Processing take 2822
Processing take 2823
Processing take 2824
Processing take 2825
Processing take 2826
Processing take 2827
Processing take 2828
Processing take 2829
Processing take 2830
Processing take 2831
Processing take 2832
Processing take 2833
Processing take 2834
Processing take 2835
Processing take 2836
Processing take 2837
Processing take 2838
Processing take 2839
Processing take 2840
Processing take 2841
Processing take 2842
Processing take 2843
Processing take 2844
Processing take 2845
Processing take 2846
Processing take 2847
Processing take 2848
Processing take 2849
Processing take 2850
Processing take 2851
Processing take 2852
Processing take 2853
Processing take 2854
Processing take 2855
Processing take 2856
Processing take 2857
Processing take 2858
Processing take 2859
Processing take 2860
Processing take 2861
Processing take 2862
Processing take 2863
Processing take 2864
Processing take 2865
Processing take 2866
Processing take 2867
Processing take 2868
Processing take 2869
Processing take 2870
Processing take 2871
Processing take 2872
Processing take 2873
Processing take 2874
Processing take 2875
Processing take 2876
Processing take 2877
Processing take 2878
Processing take 2879
Processing take 2880
Processing take 2881
Processing take 2882
Processing take 2883
Processing take 2884
Processing take 2885
Processing take 2886
Processing take 2887
Processing take 2888
Processing take 2889
Processing take 2890
Processing take 2891
Processing take 2892
Processing take 2893
Processing take 2894
Processing take 2895
Processing take 2896
Traceback (most recent call last):
  File "jro-gbsar-processor.py", line 1440, in <module>
    x.calculate_parameters_grid(nx=8, ny=8)
  File "jro-gbsar-processor.py", line 1350, in calculate_parameters_grid
    date_values.append(datetime.strptime(date, format)+timedelta(days=7))
UnboundLocalError: local variable 'format' referenced before assignment
